[ryanhcode.dev/index.html]
[ryanhcode.dev/index.css]
[ryanhcode.dev/scrollery.js]
[ajax.googleapis.com/ajax/libs/jquery/3.5.1/jquery.min.js]
[ryanhcode.dev/smooth-scroll.min.js]
[ryanhcode.dev/index.js]
[backblue.gif]
[fade.gif]
[index.html]
[ryanhcode.dev/favicon.ico]
[ryanhcode.dev/turtledash.png]
[ryanhcode.dev/blender4ftc.png]
[ryanhcode.dev/first2click.png]
[ryanhcode.dev/endlessoceans.png]
[ryanhcode.dev/patheditor.png]
[ryanhcode.dev/kift.png]
[ryanhcode.dev/manaport.png]
[ryanhcode.dev/this.png]
[ryanhcode.dev/java.png]
[ryanhcode.dev/kotlin.png]
[ryanhcode.dev/nodejs.png]
[ryanhcode.dev/react.png]
[ryanhcode.dev/mongodb.png]
[ryanhcode.dev/unity.png]
[ryanhcode.dev/blender.png]
[ryanhcode.dev/index.html]
[ryanhcode.dev/index.css]
